lug 21, 2014 4:45:42 PM org.apache.catalina.startup.Catalina initDirs
Grave: Cannot find specified temporary folder at /home/enrico/progettoBasiConsegna/tomcat/temp
lug 21, 2014 4:45:43 PM org.apache.catalina.core.AprLifecycleListener init
Informazioni: The APR based Apache Tomcat Native library which allows optimal performance in production environments was not found on the java.library.path: /usr/java/packages/lib/i386:/lib:/usr/lib
lug 21, 2014 4:45:43 PM org.apache.tomcat.util.digester.SetPropertiesRule begin
Avvertenza: [SetPropertiesRule]{Server/Service/Engine/Host} Setting property 'xmlValidation' to 'false' did not find a matching property.
lug 21, 2014 4:45:43 PM org.apache.tomcat.util.digester.SetPropertiesRule begin
Avvertenza: [SetPropertiesRule]{Server/Service/Engine/Host} Setting property 'xmlNamespaceAware' to 'false' did not find a matching property.
lug 21, 2014 4:45:44 PM org.apache.coyote.AbstractProtocol init
Informazioni: Initializing ProtocolHandler ["http-bio-8080"]
lug 21, 2014 4:45:44 PM org.apache.coyote.AbstractProtocol init
Informazioni: Initializing ProtocolHandler ["ajp-bio-8009"]
lug 21, 2014 4:45:44 PM org.apache.catalina.startup.Catalina load
Informazioni: Initialization processed in 1281 ms
lug 21, 2014 4:45:44 PM org.apache.catalina.core.StandardService startInternal
Informazioni: Starting service Catalina
lug 21, 2014 4:45:44 PM org.apache.catalina.core.StandardEngine startInternal
Informazioni: Starting Servlet Engine: Apache Tomcat/7.0.26
lug 21, 2014 4:45:44 PM org.apache.catalina.startup.HostConfig deployDirectory
Informazioni: Deploying web application directory /home/enrico/progettoBasiConsegna/tomcat/webapps/ROOT
lug 21, 2014 4:45:44 PM org.apache.catalina.startup.SetContextPropertiesRule begin
Avvertenza: [SetContextPropertiesRule]{Context} Setting property 'isInvokerEnabled' to 'true' did not find a matching property.
lug 21, 2014 4:45:45 PM org.apache.catalina.util.SessionIdGenerator createSecureRandom
Informazioni: Creation of SecureRandom instance for session ID generation using [SHA1PRNG] took [119] milliseconds.
lug 21, 2014 4:45:45 PM org.apache.catalina.startup.HostConfig deployDirectory
Informazioni: Deploying web application directory /home/enrico/progettoBasiConsegna/tomcat/webapps/medicina
lug 21, 2014 4:45:45 PM org.apache.catalina.startup.SetContextPropertiesRule begin
Avvertenza: [SetContextPropertiesRule]{Context} Setting property 'isInvokerEnabled' to 'true' did not find a matching property.
lug 21, 2014 4:45:45 PM org.apache.coyote.AbstractProtocol start
Informazioni: Starting ProtocolHandler ["http-bio-8080"]
lug 21, 2014 4:45:45 PM org.apache.coyote.AbstractProtocol start
Informazioni: Starting ProtocolHandler ["ajp-bio-8009"]
lug 21, 2014 4:45:45 PM org.apache.catalina.startup.Catalina start
Informazioni: Server startup in 1384 ms
lug 21, 2014 4:46:42 PM org.hibernate.annotations.common.reflection.java.JavaReflectionManager <clinit>
INFO: HCANN000001: Hibernate Commons Annotations {4.0.4.Final}
lug 21, 2014 4:46:42 PM org.hibernate.Version logVersion
INFO: HHH000412: Hibernate Core {4.3.5.Final}
lug 21, 2014 4:46:43 PM org.hibernate.cfg.Environment <clinit>
INFO: HHH000206: hibernate.properties not found
lug 21, 2014 4:46:43 PM org.hibernate.cfg.Environment buildBytecodeProvider
INFO: HHH000021: Bytecode provider name : javassist
lug 21, 2014 4:46:43 PM org.hibernate.cfg.Configuration configure
INFO: HHH000043: Configuring from resource: /hibernate.cfg.xml
lug 21, 2014 4:46:43 PM org.hibernate.cfg.Configuration getConfigurationInputStream
INFO: HHH000040: Configuration resource: /hibernate.cfg.xml
lug 21, 2014 4:46:43 PM org.hibernate.internal.util.xml.DTDEntityResolver resolveEntity
WARN: HHH000223: Recognized obsolete hibernate namespace http://hibernate.sourceforge.net/. Use namespace http://www.hibernate.org/dtd/ instead. Refer to Hibernate 3.6 Migration Guide!
lug 21, 2014 4:46:43 PM org.hibernate.cfg.Configuration addResource
INFO: HHH000221: Reading mappings from resource: bean/CartellaClinica.hbm.xml
lug 21, 2014 4:46:43 PM org.hibernate.internal.util.xml.DTDEntityResolver resolveEntity
WARN: HHH000223: Recognized obsolete hibernate namespace http://hibernate.sourceforge.net/. Use namespace http://www.hibernate.org/dtd/ instead. Refer to Hibernate 3.6 Migration Guide!
lug 21, 2014 4:46:43 PM org.hibernate.cfg.Configuration addResource
INFO: HHH000221: Reading mappings from resource: bean/Conferme.hbm.xml
lug 21, 2014 4:46:43 PM org.hibernate.internal.util.xml.DTDEntityResolver resolveEntity
WARN: HHH000223: Recognized obsolete hibernate namespace http://hibernate.sourceforge.net/. Use namespace http://www.hibernate.org/dtd/ instead. Refer to Hibernate 3.6 Migration Guide!
lug 21, 2014 4:46:43 PM org.hibernate.cfg.Configuration addResource
INFO: HHH000221: Reading mappings from resource: bean/Contraddizioni.hbm.xml
lug 21, 2014 4:46:43 PM org.hibernate.internal.util.xml.DTDEntityResolver resolveEntity
WARN: HHH000223: Recognized obsolete hibernate namespace http://hibernate.sourceforge.net/. Use namespace http://www.hibernate.org/dtd/ instead. Refer to Hibernate 3.6 Migration Guide!
lug 21, 2014 4:46:43 PM org.hibernate.cfg.Configuration addResource
INFO: HHH000221: Reading mappings from resource: bean/Diagnosi.hbm.xml
lug 21, 2014 4:46:43 PM org.hibernate.internal.util.xml.DTDEntityResolver resolveEntity
WARN: HHH000223: Recognized obsolete hibernate namespace http://hibernate.sourceforge.net/. Use namespace http://www.hibernate.org/dtd/ instead. Refer to Hibernate 3.6 Migration Guide!
lug 21, 2014 4:46:43 PM org.hibernate.cfg.Configuration addResource
INFO: HHH000221: Reading mappings from resource: bean/FattoriRischio.hbm.xml
lug 21, 2014 4:46:43 PM org.hibernate.internal.util.xml.DTDEntityResolver resolveEntity
WARN: HHH000223: Recognized obsolete hibernate namespace http://hibernate.sourceforge.net/. Use namespace http://www.hibernate.org/dtd/ instead. Refer to Hibernate 3.6 Migration Guide!
lug 21, 2014 4:46:43 PM org.hibernate.cfg.Configuration addResource
INFO: HHH000221: Reading mappings from resource: bean/Medico.hbm.xml
lug 21, 2014 4:46:43 PM org.hibernate.internal.util.xml.DTDEntityResolver resolveEntity
WARN: HHH000223: Recognized obsolete hibernate namespace http://hibernate.sourceforge.net/. Use namespace http://www.hibernate.org/dtd/ instead. Refer to Hibernate 3.6 Migration Guide!
lug 21, 2014 4:46:43 PM org.hibernate.cfg.Configuration addResource
INFO: HHH000221: Reading mappings from resource: bean/Paziente.hbm.xml
lug 21, 2014 4:46:43 PM org.hibernate.internal.util.xml.DTDEntityResolver resolveEntity
WARN: HHH000223: Recognized obsolete hibernate namespace http://hibernate.sourceforge.net/. Use namespace http://www.hibernate.org/dtd/ instead. Refer to Hibernate 3.6 Migration Guide!
lug 21, 2014 4:46:43 PM org.hibernate.cfg.Configuration addResource
INFO: HHH000221: Reading mappings from resource: bean/RischiPaziente.hbm.xml
lug 21, 2014 4:46:43 PM org.hibernate.internal.util.xml.DTDEntityResolver resolveEntity
WARN: HHH000223: Recognized obsolete hibernate namespace http://hibernate.sourceforge.net/. Use namespace http://www.hibernate.org/dtd/ instead. Refer to Hibernate 3.6 Migration Guide!
lug 21, 2014 4:46:43 PM org.hibernate.cfg.Configuration addResource
INFO: HHH000221: Reading mappings from resource: bean/Sintomi.hbm.xml
lug 21, 2014 4:46:43 PM org.hibernate.internal.util.xml.DTDEntityResolver resolveEntity
WARN: HHH000223: Recognized obsolete hibernate namespace http://hibernate.sourceforge.net/. Use namespace http://www.hibernate.org/dtd/ instead. Refer to Hibernate 3.6 Migration Guide!
lug 21, 2014 4:46:43 PM org.hibernate.cfg.Configuration addResource
INFO: HHH000221: Reading mappings from resource: bean/SpecDelMedico.hbm.xml
lug 21, 2014 4:46:44 PM org.hibernate.internal.util.xml.DTDEntityResolver resolveEntity
WARN: HHH000223: Recognized obsolete hibernate namespace http://hibernate.sourceforge.net/. Use namespace http://www.hibernate.org/dtd/ instead. Refer to Hibernate 3.6 Migration Guide!
lug 21, 2014 4:46:44 PM org.hibernate.cfg.Configuration addResource
INFO: HHH000221: Reading mappings from resource: bean/Specializzazioni.hbm.xml
lug 21, 2014 4:46:44 PM org.hibernate.internal.util.xml.DTDEntityResolver resolveEntity
WARN: HHH000223: Recognized obsolete hibernate namespace http://hibernate.sourceforge.net/. Use namespace http://www.hibernate.org/dtd/ instead. Refer to Hibernate 3.6 Migration Guide!
lug 21, 2014 4:46:44 PM org.hibernate.cfg.Configuration addResource
INFO: HHH000221: Reading mappings from resource: bean/Terapie.hbm.xml
lug 21, 2014 4:46:44 PM org.hibernate.internal.util.xml.DTDEntityResolver resolveEntity
WARN: HHH000223: Recognized obsolete hibernate namespace http://hibernate.sourceforge.net/. Use namespace http://www.hibernate.org/dtd/ instead. Refer to Hibernate 3.6 Migration Guide!
lug 21, 2014 4:46:44 PM org.hibernate.cfg.Configuration doConfigure
INFO: HHH000041: Configured SessionFactory: 
lug 21, 2014 4:46:44 PM org.hibernate.engine.jdbc.connections.internal.DriverManagerConnectionProviderImpl configure
WARN: HHH000402: Using Hibernate built-in connection pool (not for production use!)
lug 21, 2014 4:46:44 PM org.hibernate.engine.jdbc.connections.internal.DriverManagerConnectionProviderImpl buildCreator
INFO: HHH000401: using driver [org.postgresql.Driver] at URL [jdbc:postgresql://localhost:5432/dblab16]
lug 21, 2014 4:46:44 PM org.hibernate.engine.jdbc.connections.internal.DriverManagerConnectionProviderImpl buildCreator
INFO: HHH000046: Connection properties: {user=userlab16, password=****}
lug 21, 2014 4:46:44 PM org.hibernate.engine.jdbc.connections.internal.DriverManagerConnectionProviderImpl buildCreator
INFO: HHH000006: Autocommit mode: false
lug 21, 2014 4:46:44 PM org.hibernate.engine.jdbc.connections.internal.DriverManagerConnectionProviderImpl configure
INFO: HHH000115: Hibernate connection pool size: 20 (min=1)
lug 21, 2014 4:46:45 PM org.hibernate.dialect.Dialect <init>
INFO: HHH000400: Using dialect: org.hibernate.dialect.PostgreSQLDialect
lug 21, 2014 4:46:45 PM org.hibernate.engine.jdbc.internal.LobCreatorBuilder useContextualLobCreation
INFO: HHH000423: Disabling contextual LOB creation as JDBC driver reported JDBC version [3] less than 4
lug 21, 2014 4:46:46 PM org.hibernate.engine.transaction.internal.TransactionFactoryInitiator initiateService
INFO: HHH000399: Using default transaction strategy (direct JDBC transactions)
lug 21, 2014 4:46:46 PM org.hibernate.hql.internal.ast.ASTQueryTranslatorFactory <init>
INFO: HHH000397: Using ASTQueryTranslatorFactory
lug 21, 2014 4:46:47 PM org.hibernate.internal.SessionFactoryRegistry addSessionFactory
WARN: HHH000277: Could not bind factory to JNDI
org.hibernate.engine.jndi.JndiException: Error performing intermediate bind []
	at org.hibernate.engine.jndi.internal.JndiServiceImpl.bind(JndiServiceImpl.java:216)
	at org.hibernate.engine.jndi.internal.JndiServiceImpl.bind(JndiServiceImpl.java:159)
	at org.hibernate.internal.SessionFactoryRegistry.addSessionFactory(SessionFactoryRegistry.java:103)
	at org.hibernate.internal.SessionFactoryImpl.<init>(SessionFactoryImpl.java:497)
	at org.hibernate.cfg.Configuration.buildSessionFactory(Configuration.java:1857)
	at org.hibernate.cfg.Configuration.buildSessionFactory(Configuration.java:1928)
	at bean.HibernateUtil.<clinit>(HibernateUtil.java:22)
	at dbms.DBMS.MedicoLogin(DBMS.java:483)
	at main.doPost(main.java:169)
	at javax.servlet.http.HttpServlet.service(HttpServlet.java:641)
	at javax.servlet.http.HttpServlet.service(HttpServlet.java:722)
	at org.apache.catalina.core.ApplicationFilterChain.internalDoFilter(ApplicationFilterChain.java:305)
	at org.apache.catalina.core.ApplicationFilterChain.doFilter(ApplicationFilterChain.java:210)
	at org.apache.catalina.core.StandardWrapperValve.invoke(StandardWrapperValve.java:224)
	at org.apache.catalina.core.StandardContextValve.invoke(StandardContextValve.java:169)
	at org.apache.catalina.authenticator.AuthenticatorBase.invoke(AuthenticatorBase.java:472)
	at org.apache.catalina.core.StandardHostValve.invoke(StandardHostValve.java:168)
	at org.apache.catalina.valves.ErrorReportValve.invoke(ErrorReportValve.java:98)
	at org.apache.catalina.core.StandardEngineValve.invoke(StandardEngineValve.java:118)
	at org.apache.catalina.connector.CoyoteAdapter.service(CoyoteAdapter.java:407)
	at org.apache.coyote.http11.AbstractHttp11Processor.process(AbstractHttp11Processor.java:987)
	at org.apache.coyote.AbstractProtocol$AbstractConnectionHandler.process(AbstractProtocol.java:579)
	at org.apache.tomcat.util.net.JIoEndpoint$SocketProcessor.run(JIoEndpoint.java:309)
	at java.util.concurrent.ThreadPoolExecutor.runWorker(ThreadPoolExecutor.java:1145)
	at java.util.concurrent.ThreadPoolExecutor$Worker.run(ThreadPoolExecutor.java:615)
	at java.lang.Thread.run(Thread.java:745)
Caused by: javax.naming.NamingException: Name is not valid
	at org.apache.naming.NamingContext.bind(NamingContext.java:893)
	at org.apache.naming.NamingContext.rebind(NamingContext.java:226)
	at org.apache.naming.SelectorContext.rebind(SelectorContext.java:218)
	at javax.naming.InitialContext.rebind(InitialContext.java:431)
	at org.hibernate.engine.jndi.internal.JndiServiceImpl.bind(JndiServiceImpl.java:213)
	... 25 more

lug 21, 2014 5:08:47 PM org.apache.coyote.AbstractProtocol pause
Informazioni: Pausing ProtocolHandler ["http-bio-8080"]
lug 21, 2014 5:08:47 PM org.apache.coyote.AbstractProtocol pause
Informazioni: Pausing ProtocolHandler ["ajp-bio-8009"]
lug 21, 2014 5:08:47 PM org.apache.catalina.core.StandardService stopInternal
Informazioni: Stopping service Catalina
lug 21, 2014 5:08:49 PM org.apache.catalina.loader.WebappClassLoader clearReferencesJdbc
Grave: The web application [/medicina] registered the JDBC driver [org.postgresql.Driver] but failed to unregister it when the web application was stopped. To prevent a memory leak, the JDBC Driver has been forcibly unregistered.
lug 21, 2014 5:08:50 PM org.apache.catalina.loader.WebappClassLoader clearReferencesThreads
Grave: The web application [/medicina] appears to have started a thread named [pool-14-thread-1] but has failed to stop it. This is very likely to create a memory leak.
lug 21, 2014 5:08:50 PM org.apache.coyote.AbstractProtocol stop
Informazioni: Stopping ProtocolHandler ["http-bio-8080"]
lug 21, 2014 5:08:50 PM org.apache.coyote.AbstractProtocol stop
Informazioni: Stopping ProtocolHandler ["ajp-bio-8009"]
lug 21, 2014 5:08:50 PM org.apache.coyote.AbstractProtocol destroy
Informazioni: Destroying ProtocolHandler ["http-bio-8080"]
lug 21, 2014 5:08:50 PM org.apache.coyote.AbstractProtocol destroy
Informazioni: Destroying ProtocolHandler ["ajp-bio-8009"]
