usage: java org.apache.catalina.startup.Catalina [ -config {pathname} ] [ -nonaming ]  { -help | start | stop }
lug 18, 2014 12:23:52 PM org.apache.catalina.startup.Catalina initDirs
GRAVE: Cannot find specified temporary folder at /home/accounts/studenti/id637fga/progettoBasi/tomcat//temp
lug 18, 2014 12:23:53 PM org.apache.catalina.core.AprLifecycleListener init
INFORMAZIONI: The APR based Apache Tomcat Native library which allows optimal performance in production environments was not found on the java.library.path: /usr/java/packages/lib/amd64:/usr/lib64:/lib64:/lib:/usr/lib
lug 18, 2014 12:23:54 PM org.apache.tomcat.util.digester.SetPropertiesRule begin
AVVERTENZA: [SetPropertiesRule]{Server/Service/Engine/Host} Setting property 'xmlValidation' to 'false' did not find a matching property.
lug 18, 2014 12:23:54 PM org.apache.tomcat.util.digester.SetPropertiesRule begin
AVVERTENZA: [SetPropertiesRule]{Server/Service/Engine/Host} Setting property 'xmlNamespaceAware' to 'false' did not find a matching property.
lug 18, 2014 12:23:54 PM org.apache.coyote.AbstractProtocol init
INFORMAZIONI: Initializing ProtocolHandler ["http-bio-8080"]
lug 18, 2014 12:23:54 PM org.apache.coyote.AbstractProtocol init
INFORMAZIONI: Initializing ProtocolHandler ["ajp-bio-8009"]
lug 18, 2014 12:23:54 PM org.apache.catalina.startup.Catalina load
INFORMAZIONI: Initialization processed in 1539 ms
lug 18, 2014 12:23:54 PM org.apache.catalina.core.StandardService startInternal
INFORMAZIONI: Starting service Catalina
lug 18, 2014 12:23:54 PM org.apache.catalina.core.StandardEngine startInternal
INFORMAZIONI: Starting Servlet Engine: Apache Tomcat/7.0.30
lug 18, 2014 12:23:54 PM org.apache.catalina.startup.HostConfig deployDirectory
INFORMAZIONI: Deploying web application directory /home/accounts/studenti/id637fga/progettoBasi/tomcat/webapps/medicina
lug 18, 2014 12:23:54 PM org.apache.catalina.startup.SetContextPropertiesRule begin
AVVERTENZA: [SetContextPropertiesRule]{Context} Setting property 'isInvokerEnabled' to 'true' did not find a matching property.
usage: java org.apache.catalina.startup.Catalina [ -config {pathname} ] [ -nonaming ]  { -help | start | stop }
lug 18, 2014 12:23:59 PM org.apache.catalina.startup.Catalina initDirs
GRAVE: Cannot find specified temporary folder at /home/accounts/studenti/id637fga/progettoBasi/tomcat//temp
lug 18, 2014 12:24:00 PM org.apache.catalina.core.AprLifecycleListener init
INFORMAZIONI: The APR based Apache Tomcat Native library which allows optimal performance in production environments was not found on the java.library.path: /usr/java/packages/lib/amd64:/usr/lib64:/lib64:/lib:/usr/lib
lug 18, 2014 12:24:00 PM org.apache.tomcat.util.digester.SetPropertiesRule begin
AVVERTENZA: [SetPropertiesRule]{Server/Service/Engine/Host} Setting property 'xmlValidation' to 'false' did not find a matching property.
lug 18, 2014 12:24:00 PM org.apache.tomcat.util.digester.SetPropertiesRule begin
AVVERTENZA: [SetPropertiesRule]{Server/Service/Engine/Host} Setting property 'xmlNamespaceAware' to 'false' did not find a matching property.
lug 18, 2014 12:24:00 PM org.apache.coyote.AbstractProtocol init
INFORMAZIONI: Initializing ProtocolHandler ["http-bio-8080"]
lug 18, 2014 12:24:00 PM org.apache.coyote.AbstractProtocol init
GRAVE: Failed to initialize end point associated with ProtocolHandler ["http-bio-8080"]
java.net.BindException: Indirizzo già in uso <null>:8080
	at org.apache.tomcat.util.net.JIoEndpoint.bind(JIoEndpoint.java:406)
	at org.apache.tomcat.util.net.AbstractEndpoint.init(AbstractEndpoint.java:610)
	at org.apache.coyote.AbstractProtocol.init(AbstractProtocol.java:429)
	at org.apache.coyote.http11.AbstractHttp11JsseProtocol.init(AbstractHttp11JsseProtocol.java:119)
	at org.apache.catalina.connector.Connector.initInternal(Connector.java:981)
	at org.apache.catalina.util.LifecycleBase.init(LifecycleBase.java:102)
	at org.apache.catalina.core.StandardService.initInternal(StandardService.java:559)
	at org.apache.catalina.util.LifecycleBase.init(LifecycleBase.java:102)
	at org.apache.catalina.core.StandardServer.initInternal(StandardServer.java:814)
	at org.apache.catalina.util.LifecycleBase.init(LifecycleBase.java:102)
	at org.apache.catalina.startup.Catalina.load(Catalina.java:633)
	at org.apache.catalina.startup.Catalina.start(Catalina.java:672)
	at sun.reflect.NativeMethodAccessorImpl.invoke0(Native Method)
	at sun.reflect.NativeMethodAccessorImpl.invoke(NativeMethodAccessorImpl.java:57)
	at sun.reflect.DelegatingMethodAccessorImpl.invoke(DelegatingMethodAccessorImpl.java:43)
	at java.lang.reflect.Method.invoke(Method.java:606)
	at org.apache.catalina.startup.Bootstrap.start(Bootstrap.java:322)
	at org.apache.catalina.startup.Bootstrap.main(Bootstrap.java:451)
Caused by: java.net.BindException: Indirizzo già in uso
	at java.net.PlainSocketImpl.socketBind(Native Method)
	at java.net.AbstractPlainSocketImpl.bind(AbstractPlainSocketImpl.java:376)
	at java.net.ServerSocket.bind(ServerSocket.java:376)
	at java.net.ServerSocket.<init>(ServerSocket.java:237)
	at java.net.ServerSocket.<init>(ServerSocket.java:181)
	at org.apache.tomcat.util.net.DefaultServerSocketFactory.createSocket(DefaultServerSocketFactory.java:49)
	at org.apache.tomcat.util.net.JIoEndpoint.bind(JIoEndpoint.java:393)
	... 17 more

lug 18, 2014 12:24:00 PM org.apache.catalina.core.StandardService initInternal
GRAVE: Failed to initialize connector [Connector[HTTP/1.1-8080]]
org.apache.catalina.LifecycleException: Failed to initialize component [Connector[HTTP/1.1-8080]]
	at org.apache.catalina.util.LifecycleBase.init(LifecycleBase.java:106)
	at org.apache.catalina.core.StandardService.initInternal(StandardService.java:559)
	at org.apache.catalina.util.LifecycleBase.init(LifecycleBase.java:102)
	at org.apache.catalina.core.StandardServer.initInternal(StandardServer.java:814)
	at org.apache.catalina.util.LifecycleBase.init(LifecycleBase.java:102)
	at org.apache.catalina.startup.Catalina.load(Catalina.java:633)
	at org.apache.catalina.startup.Catalina.start(Catalina.java:672)
	at sun.reflect.NativeMethodAccessorImpl.invoke0(Native Method)
	at sun.reflect.NativeMethodAccessorImpl.invoke(NativeMethodAccessorImpl.java:57)
	at sun.reflect.DelegatingMethodAccessorImpl.invoke(DelegatingMethodAccessorImpl.java:43)
	at java.lang.reflect.Method.invoke(Method.java:606)
	at org.apache.catalina.startup.Bootstrap.start(Bootstrap.java:322)
	at org.apache.catalina.startup.Bootstrap.main(Bootstrap.java:451)
Caused by: org.apache.catalina.LifecycleException: Protocol handler initialization failed
	at org.apache.catalina.connector.Connector.initInternal(Connector.java:983)
	at org.apache.catalina.util.LifecycleBase.init(LifecycleBase.java:102)
	... 12 more
Caused by: java.net.BindException: Indirizzo già in uso <null>:8080
	at org.apache.tomcat.util.net.JIoEndpoint.bind(JIoEndpoint.java:406)
	at org.apache.tomcat.util.net.AbstractEndpoint.init(AbstractEndpoint.java:610)
	at org.apache.coyote.AbstractProtocol.init(AbstractProtocol.java:429)
	at org.apache.coyote.http11.AbstractHttp11JsseProtocol.init(AbstractHttp11JsseProtocol.java:119)
	at org.apache.catalina.connector.Connector.initInternal(Connector.java:981)
	... 13 more
Caused by: java.net.BindException: Indirizzo già in uso
	at java.net.PlainSocketImpl.socketBind(Native Method)
	at java.net.AbstractPlainSocketImpl.bind(AbstractPlainSocketImpl.java:376)
	at java.net.ServerSocket.bind(ServerSocket.java:376)
	at java.net.ServerSocket.<init>(ServerSocket.java:237)
	at java.net.ServerSocket.<init>(ServerSocket.java:181)
	at org.apache.tomcat.util.net.DefaultServerSocketFactory.createSocket(DefaultServerSocketFactory.java:49)
	at org.apache.tomcat.util.net.JIoEndpoint.bind(JIoEndpoint.java:393)
	... 17 more

lug 18, 2014 12:24:00 PM org.apache.coyote.AbstractProtocol init
INFORMAZIONI: Initializing ProtocolHandler ["ajp-bio-8009"]
lug 18, 2014 12:24:00 PM org.apache.coyote.AbstractProtocol init
GRAVE: Failed to initialize end point associated with ProtocolHandler ["ajp-bio-8009"]
java.net.BindException: Indirizzo già in uso <null>:8009
	at org.apache.tomcat.util.net.JIoEndpoint.bind(JIoEndpoint.java:406)
	at org.apache.tomcat.util.net.AbstractEndpoint.init(AbstractEndpoint.java:610)
	at org.apache.coyote.AbstractProtocol.init(AbstractProtocol.java:429)
	at org.apache.catalina.connector.Connector.initInternal(Connector.java:981)
	at org.apache.catalina.util.LifecycleBase.init(LifecycleBase.java:102)
	at org.apache.catalina.core.StandardService.initInternal(StandardService.java:559)
	at org.apache.catalina.util.LifecycleBase.init(LifecycleBase.java:102)
	at org.apache.catalina.core.StandardServer.initInternal(StandardServer.java:814)
	at org.apache.catalina.util.LifecycleBase.init(LifecycleBase.java:102)
	at org.apache.catalina.startup.Catalina.load(Catalina.java:633)
	at org.apache.catalina.startup.Catalina.start(Catalina.java:672)
	at sun.reflect.NativeMethodAccessorImpl.invoke0(Native Method)
	at sun.reflect.NativeMethodAccessorImpl.invoke(NativeMethodAccessorImpl.java:57)
	at sun.reflect.DelegatingMethodAccessorImpl.invoke(DelegatingMethodAccessorImpl.java:43)
	at java.lang.reflect.Method.invoke(Method.java:606)
	at org.apache.catalina.startup.Bootstrap.start(Bootstrap.java:322)
	at org.apache.catalina.startup.Bootstrap.main(Bootstrap.java:451)
Caused by: java.net.BindException: Indirizzo già in uso
	at java.net.PlainSocketImpl.socketBind(Native Method)
	at java.net.AbstractPlainSocketImpl.bind(AbstractPlainSocketImpl.java:376)
	at java.net.ServerSocket.bind(ServerSocket.java:376)
	at java.net.ServerSocket.<init>(ServerSocket.java:237)
	at java.net.ServerSocket.<init>(ServerSocket.java:181)
	at org.apache.tomcat.util.net.DefaultServerSocketFactory.createSocket(DefaultServerSocketFactory.java:49)
	at org.apache.tomcat.util.net.JIoEndpoint.bind(JIoEndpoint.java:393)
	... 16 more

lug 18, 2014 12:24:00 PM org.apache.catalina.core.StandardService initInternal
GRAVE: Failed to initialize connector [Connector[AJP/1.3-8009]]
org.apache.catalina.LifecycleException: Failed to initialize component [Connector[AJP/1.3-8009]]
	at org.apache.catalina.util.LifecycleBase.init(LifecycleBase.java:106)
	at org.apache.catalina.core.StandardService.initInternal(StandardService.java:559)
	at org.apache.catalina.util.LifecycleBase.init(LifecycleBase.java:102)
	at org.apache.catalina.core.StandardServer.initInternal(StandardServer.java:814)
	at org.apache.catalina.util.LifecycleBase.init(LifecycleBase.java:102)
	at org.apache.catalina.startup.Catalina.load(Catalina.java:633)
	at org.apache.catalina.startup.Catalina.start(Catalina.java:672)
	at sun.reflect.NativeMethodAccessorImpl.invoke0(Native Method)
	at sun.reflect.NativeMethodAccessorImpl.invoke(NativeMethodAccessorImpl.java:57)
	at sun.reflect.DelegatingMethodAccessorImpl.invoke(DelegatingMethodAccessorImpl.java:43)
	at java.lang.reflect.Method.invoke(Method.java:606)
	at org.apache.catalina.startup.Bootstrap.start(Bootstrap.java:322)
	at org.apache.catalina.startup.Bootstrap.main(Bootstrap.java:451)
Caused by: org.apache.catalina.LifecycleException: Protocol handler initialization failed
	at org.apache.catalina.connector.Connector.initInternal(Connector.java:983)
	at org.apache.catalina.util.LifecycleBase.init(LifecycleBase.java:102)
	... 12 more
Caused by: java.net.BindException: Indirizzo già in uso <null>:8009
	at org.apache.tomcat.util.net.JIoEndpoint.bind(JIoEndpoint.java:406)
	at org.apache.tomcat.util.net.AbstractEndpoint.init(AbstractEndpoint.java:610)
	at org.apache.coyote.AbstractProtocol.init(AbstractProtocol.java:429)
	at org.apache.catalina.connector.Connector.initInternal(Connector.java:981)
	... 13 more
Caused by: java.net.BindException: Indirizzo già in uso
	at java.net.PlainSocketImpl.socketBind(Native Method)
	at java.net.AbstractPlainSocketImpl.bind(AbstractPlainSocketImpl.java:376)
	at java.net.ServerSocket.bind(ServerSocket.java:376)
	at java.net.ServerSocket.<init>(ServerSocket.java:237)
	at java.net.ServerSocket.<init>(ServerSocket.java:181)
	at org.apache.tomcat.util.net.DefaultServerSocketFactory.createSocket(DefaultServerSocketFactory.java:49)
	at org.apache.tomcat.util.net.JIoEndpoint.bind(JIoEndpoint.java:393)
	... 16 more

lug 18, 2014 12:24:00 PM org.apache.catalina.startup.Catalina load
INFORMAZIONI: Initialization processed in 830 ms
lug 18, 2014 12:24:00 PM org.apache.catalina.core.StandardService startInternal
INFORMAZIONI: Starting service Catalina
lug 18, 2014 12:24:00 PM org.apache.catalina.core.StandardEngine startInternal
INFORMAZIONI: Starting Servlet Engine: Apache Tomcat/7.0.30
lug 18, 2014 12:24:00 PM org.apache.catalina.startup.HostConfig deployDirectory
INFORMAZIONI: Deploying web application directory /home/accounts/studenti/id637fga/progettoBasi/tomcat/webapps/medicina
lug 18, 2014 12:24:00 PM org.apache.catalina.startup.SetContextPropertiesRule begin
AVVERTENZA: [SetContextPropertiesRule]{Context} Setting property 'isInvokerEnabled' to 'true' did not find a matching property.
lug 18, 2014 12:24:02 PM org.apache.catalina.util.SessionIdGenerator createSecureRandom
INFORMAZIONI: Creation of SecureRandom instance for session ID generation using [SHA1PRNG] took [4,879] milliseconds.
lug 18, 2014 12:24:02 PM org.apache.catalina.startup.HostConfig deployDirectory
INFORMAZIONI: Deploying web application directory /home/accounts/studenti/id637fga/progettoBasi/tomcat/webapps/ROOT
lug 18, 2014 12:24:02 PM org.apache.catalina.startup.SetContextPropertiesRule begin
AVVERTENZA: [SetContextPropertiesRule]{Context} Setting property 'isInvokerEnabled' to 'true' did not find a matching property.
lug 18, 2014 12:24:03 PM org.apache.coyote.AbstractProtocol start
INFORMAZIONI: Starting ProtocolHandler ["http-bio-8080"]
lug 18, 2014 12:24:03 PM org.apache.coyote.AbstractProtocol start
INFORMAZIONI: Starting ProtocolHandler ["ajp-bio-8009"]
lug 18, 2014 12:24:03 PM org.apache.catalina.startup.Catalina start
INFORMAZIONI: Server startup in 9387 ms
lug 18, 2014 12:24:03 PM org.apache.catalina.util.SessionIdGenerator createSecureRandom
INFORMAZIONI: Creation of SecureRandom instance for session ID generation using [SHA1PRNG] took [725] milliseconds.
lug 18, 2014 12:24:03 PM org.apache.catalina.startup.HostConfig deployDirectory
INFORMAZIONI: Deploying web application directory /home/accounts/studenti/id637fga/progettoBasi/tomcat/webapps/ROOT
lug 18, 2014 12:24:04 PM org.apache.catalina.startup.SetContextPropertiesRule begin
AVVERTENZA: [SetContextPropertiesRule]{Context} Setting property 'isInvokerEnabled' to 'true' did not find a matching property.
lug 18, 2014 12:24:04 PM org.apache.catalina.startup.Catalina start
INFORMAZIONI: Server startup in 4619 ms
lug 18, 2014 12:24:04 PM org.apache.catalina.core.StandardServer await
GRAVE: StandardServer.await: create[localhost:8005]: 
java.net.BindException: Indirizzo già in uso
	at java.net.PlainSocketImpl.socketBind(Native Method)
	at java.net.AbstractPlainSocketImpl.bind(AbstractPlainSocketImpl.java:376)
	at java.net.ServerSocket.bind(ServerSocket.java:376)
	at java.net.ServerSocket.<init>(ServerSocket.java:237)
	at org.apache.catalina.core.StandardServer.await(StandardServer.java:427)
	at org.apache.catalina.startup.Catalina.await(Catalina.java:766)
	at org.apache.catalina.startup.Catalina.start(Catalina.java:712)
	at sun.reflect.NativeMethodAccessorImpl.invoke0(Native Method)
	at sun.reflect.NativeMethodAccessorImpl.invoke(NativeMethodAccessorImpl.java:57)
	at sun.reflect.DelegatingMethodAccessorImpl.invoke(DelegatingMethodAccessorImpl.java:43)
	at java.lang.reflect.Method.invoke(Method.java:606)
	at org.apache.catalina.startup.Bootstrap.start(Bootstrap.java:322)
	at org.apache.catalina.startup.Bootstrap.main(Bootstrap.java:451)

lug 18, 2014 12:24:04 PM org.apache.coyote.AbstractProtocol pause
INFORMAZIONI: Pausing ProtocolHandler ["http-bio-8080"]
lug 18, 2014 12:24:04 PM org.apache.coyote.AbstractProtocol pause
INFORMAZIONI: Pausing ProtocolHandler ["ajp-bio-8009"]
lug 18, 2014 12:24:04 PM org.apache.catalina.core.StandardService stopInternal
INFORMAZIONI: Stopping service Catalina
lug 18, 2014 12:24:04 PM org.apache.coyote.AbstractProtocol stop
INFORMAZIONI: Stopping ProtocolHandler ["http-bio-8080"]
lug 18, 2014 12:24:04 PM org.apache.coyote.AbstractProtocol destroy
INFORMAZIONI: Destroying ProtocolHandler ["http-bio-8080"]
lug 18, 2014 12:24:04 PM org.apache.coyote.AbstractProtocol stop
INFORMAZIONI: Stopping ProtocolHandler ["ajp-bio-8009"]
lug 18, 2014 12:24:04 PM org.apache.coyote.AbstractProtocol destroy
INFORMAZIONI: Destroying ProtocolHandler ["ajp-bio-8009"]
lug 18, 2014 12:24:41 PM org.hibernate.annotations.common.reflection.java.JavaReflectionManager <clinit>
INFO: HCANN000001: Hibernate Commons Annotations {4.0.4.Final}
lug 18, 2014 12:24:41 PM org.hibernate.Version logVersion
INFO: HHH000412: Hibernate Core {4.3.5.Final}
lug 18, 2014 12:24:41 PM org.hibernate.cfg.Environment <clinit>
INFO: HHH000206: hibernate.properties not found
lug 18, 2014 12:24:41 PM org.hibernate.cfg.Environment buildBytecodeProvider
INFO: HHH000021: Bytecode provider name : javassist
lug 18, 2014 12:24:41 PM org.hibernate.cfg.Configuration configure
INFO: HHH000043: Configuring from resource: /hibernate.cfg.xml
lug 18, 2014 12:24:41 PM org.hibernate.cfg.Configuration getConfigurationInputStream
INFO: HHH000040: Configuration resource: /hibernate.cfg.xml
lug 18, 2014 12:24:41 PM org.hibernate.internal.util.xml.DTDEntityResolver resolveEntity
WARN: HHH000223: Recognized obsolete hibernate namespace http://hibernate.sourceforge.net/. Use namespace http://www.hibernate.org/dtd/ instead. Refer to Hibernate 3.6 Migration Guide!
lug 18, 2014 12:24:41 PM org.hibernate.cfg.Configuration addResource
INFO: HHH000221: Reading mappings from resource: bean/CartellaClinica.hbm.xml
lug 18, 2014 12:24:41 PM org.hibernate.internal.util.xml.DTDEntityResolver resolveEntity
WARN: HHH000223: Recognized obsolete hibernate namespace http://hibernate.sourceforge.net/. Use namespace http://www.hibernate.org/dtd/ instead. Refer to Hibernate 3.6 Migration Guide!
lug 18, 2014 12:24:41 PM org.hibernate.cfg.Configuration addResource
INFO: HHH000221: Reading mappings from resource: bean/Conferme.hbm.xml
lug 18, 2014 12:24:41 PM org.hibernate.internal.util.xml.DTDEntityResolver resolveEntity
WARN: HHH000223: Recognized obsolete hibernate namespace http://hibernate.sourceforge.net/. Use namespace http://www.hibernate.org/dtd/ instead. Refer to Hibernate 3.6 Migration Guide!
lug 18, 2014 12:24:41 PM org.hibernate.cfg.Configuration addResource
INFO: HHH000221: Reading mappings from resource: bean/Contraddizioni.hbm.xml
lug 18, 2014 12:24:41 PM org.hibernate.internal.util.xml.DTDEntityResolver resolveEntity
WARN: HHH000223: Recognized obsolete hibernate namespace http://hibernate.sourceforge.net/. Use namespace http://www.hibernate.org/dtd/ instead. Refer to Hibernate 3.6 Migration Guide!
lug 18, 2014 12:24:41 PM org.hibernate.cfg.Configuration addResource
INFO: HHH000221: Reading mappings from resource: bean/Diagnosi.hbm.xml
lug 18, 2014 12:24:41 PM org.hibernate.internal.util.xml.DTDEntityResolver resolveEntity
WARN: HHH000223: Recognized obsolete hibernate namespace http://hibernate.sourceforge.net/. Use namespace http://www.hibernate.org/dtd/ instead. Refer to Hibernate 3.6 Migration Guide!
lug 18, 2014 12:24:41 PM org.hibernate.cfg.Configuration addResource
INFO: HHH000221: Reading mappings from resource: bean/FattoriRischio.hbm.xml
lug 18, 2014 12:24:41 PM org.hibernate.internal.util.xml.DTDEntityResolver resolveEntity
WARN: HHH000223: Recognized obsolete hibernate namespace http://hibernate.sourceforge.net/. Use namespace http://www.hibernate.org/dtd/ instead. Refer to Hibernate 3.6 Migration Guide!
lug 18, 2014 12:24:41 PM org.hibernate.cfg.Configuration addResource
INFO: HHH000221: Reading mappings from resource: bean/Medico.hbm.xml
lug 18, 2014 12:24:41 PM org.hibernate.internal.util.xml.DTDEntityResolver resolveEntity
WARN: HHH000223: Recognized obsolete hibernate namespace http://hibernate.sourceforge.net/. Use namespace http://www.hibernate.org/dtd/ instead. Refer to Hibernate 3.6 Migration Guide!
lug 18, 2014 12:24:41 PM org.hibernate.cfg.Configuration addResource
INFO: HHH000221: Reading mappings from resource: bean/Paziente.hbm.xml
lug 18, 2014 12:24:41 PM org.hibernate.internal.util.xml.DTDEntityResolver resolveEntity
WARN: HHH000223: Recognized obsolete hibernate namespace http://hibernate.sourceflug 18, 2014 12:28:43 PM org.apache.catalina.core.StandardContext reload
INFORMAZIONI: Reloading Context with name [/medicina] has started
lug 18, 2014 12:28:43 PM org.apache.catalina.loader.WebappClassLoader clearReferencesJdbc
GRAVE: The web application [/medicina] registered the JDBC driver [org.postgresql.Driver] but failed to unregister it when the web application was stopped. To prevent a memory leak, the JDBC Driver has been forcibly unregistered.
lug 18, 2014 12:28:44 PM org.apache.catalina.core.StandardContext reload
INFORMAZIONI: Reloading Context with name [/medicina] is completed
lug 18, 2014 12:38:21 PM org.hibernate.annotations.common.reflection.java.JavaReflectionManager <clinit>
INFO: HCANN000001: Hibernate Commons Annotations {4.0.4.Final}
lug 18, 2014 12:38:21 PM org.hibernate.Version logVersion
INFO: HHH000412: Hibernate Core {4.3.5.Final}
lug 18, 2014 12:38:21 PM org.hibernate.cfg.Environment <clinit>
INFO: HHH000206: hibernate.properties not found
lug 18, 2014 12:38:21 PM org.hibernate.cfg.Environment buildBytecodeProvider
INFO: HHH000021: Bytecode provider name : javassist
lug 18, 2014 12:38:21 PM org.hibernate.cfg.Configuration configure
INFO: HHH000043: Configuring from resource: /hibernate.cfg.xml
lug 18, 2014 12:38:21 PM org.hibernate.cfg.Configuration getConfigurationInputStream
INFO: HHH000040: Configuration resource: /hibernate.cfg.xml
lug 18, 2014 12:38:21 PM org.hibernate.internal.util.xml.DTDEntityResolver resolveEntity
WARN: HHH000223: Recognized obsolete hibernate namespace http://hibernate.sourceforge.net/. Use namespace http://www.hibernate.org/dtd/ instead. Refer to Hibernate 3.6 Migration Guide!
lug 18, 2014 12:38:21 PM org.hibernate.cfg.Configuration addResource
INFO: HHH000221: Reading mappings from resource: bean/CartellaClinica.hbm.xml
lug 18, 2014 12:38:21 PM org.hibernate.internal.util.xml.DTDEntityResolver resolveEntity
WARN: HHH000223: Recognized obsolete hibernate namespace http://hibernate.sourceforge.net/. Use namespace http://www.hibernate.org/dtd/ instead. Refer to Hibernate 3.6 Migration Guide!
lug 18, 2014 12:38:21 PM org.hibernate.cfg.Configuration addResource
INFO: HHH000221: Reading mappings from resource: bean/Conferme.hbm.xml
lug 18, 2014 12:38:21 PM org.hibernate.internal.util.xml.DTDEntityResolver resolveEntity
WARN: HHH000223: Recognized obsolete hibernate namespace http://hibernate.sourceforge.net/. Use namespace http://www.hibernate.org/dtd/ instead. Refer to Hibernate 3.6 Migration Guide!
lug 18, 2014 12:38:21 PM org.hibernate.cfg.Configuration addResource
INFO: HHH000221: Reading mappings from resource: bean/Contraddizioni.hbm.xml
lug 18, 2014 12:38:21 PM org.hibernate.internal.util.xml.DTDEntityResolver resolveEntity
WARN: HHH000223: Recognized obsolete hibernate namespace http://hibernate.sourceforge.net/. Use namespace http://www.hibernate.org/dtd/ instead. Refer to Hibernate 3.6 Migration Guide!
lug 18, 2014 12:38:21 PM org.hibernate.cfg.Configuration addResource
INFO: HHH000221: Reading mappings from resource: bean/Diagnosi.hbm.xml
lug 18, 2014 12:38:21 PM org.hibernate.internal.util.xml.DTDEntityResolver resolveEntity
WARN: HHH000223: Recognized obsolete hibernate namespace http://hibernate.sourceforge.net/. Use namespace http://www.hibernate.org/dtd/ instead. Refer to Hibernate 3.6 Migration Guide!
lug 18, 2014 12:38:21 PM org.hibernate.cfg.Configuration addResource
INFO: HHH000221: Reading mappings from resource: bean/FattoriRischio.hbm.xml
lug 18, 2014 12:38:21 PM org.hibernate.internal.util.xml.DTDEntityResolver resolveEntity
WARN: HHH000223: Recognized obsolete hibernate namespace http://hibernate.sourceforge.net/. Use namespace http://www.hibernate.org/dtd/ instead. Refer to Hibernate 3.6 Migration Guide!
lug 18, 2014 12:38:21 PM org.hibernate.cfg.Configuration addResource
INFO: HHH000221: Reading mappings from resource: bean/Medico.hbm.xml
lug 18, 2014 12:38:21 PM org.hibernate.internal.util.xml.DTDEntityResolver resolveEntity
WARN: HHH000223: Recognized obsolete hibernate namespace http://hibernate.sourceforge.net/. Use namespace http://www.hibernate.org/dtd/ instead. Refer to Hibernate 3.6 Migration Guide!
lug 18, 2014 12:38:21 PM org.hibernate.cfg.Configuration addResource
INFO: HHH000221: Reading mappings from resource: bean/Paziente.hbm.xml
lug 18, 2014 12:38:21 PM org.hibernate.internal.util.xml.DTDEntityResolver resolveEntity
WARN: HHH000223: Recognized obsolete hibernate namespace http://hibernate.sourceforge.net/. Use namespace http://www.hibernate.org/dtd/ instead. Refer to Hibernate 3.6 Migration Guide!
lug 18, 2014 12:38:21 PM org.hibernate.cfg.Configuration addResource
INFO: HHH000221: Reading mappings from resource: bean/RischiPaziente.hbm.xml
lug 18, 2014 12:38:21 PM org.hibernate.internal.util.xml.DTDEntityResolver resolveEntity
WARN: HHH000223: Recognized obsolete hibernate namespace http://hibernate.sourceforge.net/. Use namespace http://www.hibernate.org/dtd/ instead. Refer to Hibernate 3.6 Migration Guide!
lug 18, 2014 12:38:21 PM org.hibernate.cfg.Configuration addResource
INFO: HHH000221: Reading mappings from resource: bean/Sintomi.hbm.xml
lug 18, 2014 12:38:21 PM org.hibernate.internal.util.xml.DTDEntityResolver resolveEntity
WARN: HHH000223: Recognized obsolete hibernate namespace http://hibernate.sourceforge.net/. Use namespace http://www.hibernate.org/dtd/ instead. Refer to Hibernate 3.6 Migration Guide!
lug 18, 2014 12:38:21 PM org.hibernate.cfg.Configuration addResource
INFO: HHH000221: Reading mappings from resource: bean/SpecDelMedico.hbm.xml
lug 18, 2014 12:38:21 PM org.hibernate.internal.util.xml.DTDEntityResolver resolveEntity
WARN: HHH000223: Recognized obsolete hibernate namespace http://hibernate.sourceforge.net/. Use namespace http://www.hibernate.org/dtd/ instead. Refer to Hibernate 3.6 Migration Guide!
lug 18, 2014 12:38:21 PM org.hibernate.cfg.Configuration addResource
INFO: HHH000221: Reading mappings from resource: bean/Specializzazioni.hbm.xml
lug 18, 2014 12:38:21 PM org.hibernate.internal.util.xml.DTDEntityResolver resolveEntity
WARN: HHH000223: Recognized obsolete hibernate namespace http://hibernate.sourceforge.net/. Use namespace http://www.hibernate.org/dtd/ instead. Refer to Hibernate 3.6 Migration Guide!
lug 18, 2014 12:38:21 PM org.hibernate.cfg.Configuration addResource
INFO: HHH000221: Reading mappings from resource: bean/Terapie.hbm.xml
lug 18, 2014 12:38:21 PM org.hibernate.internal.util.xml.DTDEntityResolver resolveEntity
WARN: HHH000223: Recognized obsolete hibernate namespace http://hibernate.sourceforge.net/. Use namespace http://www.hibernate.org/dtd/ instead. Refer to Hibernate 3.6 Migration Guide!
lug 18, 2014 12:38:21 PM org.hibernate.cfg.Configuration doConfigure
INFO: HHH000041: Configured SessionFactory: 
lug 18, 2014 12:38:22 PM org.hibernate.engine.jdbc.connections.internal.DriverManagerConnectionProviderImpl configure
WARN: HHH000402: Using Hibernate built-in connection pool (not for production use!)
lug 18, 2014 12:38:22 PM org.hibernate.engine.jdbc.connections.internal.DriverManagerConnectionProviderImpl buildCreator
INFO: HHH000401: using driver [org.postgresql.Driver] at URL [jdbc:postgresql://157.27.10.31/dblab16]
lug 18, 2014 12:38:22 PM org.hibernate.engine.jdbc.connections.internal.DriverManagerConnectionProviderImpl buildCreator
INFO: HHH000046: Connection properties: {user=userlab16, password=****}
lug 18, 2014 12:38:22 PM org.hibernate.engine.jdbc.connections.internal.DriverManagerConnectionProviderImpl buildCreator
INFO: HHH000006: Autocommit mode: false
lug 18, 2014 12:38:22 PM org.hibernate.engine.jdbc.connections.internal.DriverManagerConnectionProviderImpl configure
INFO: HHH000115: Hibernate connection pool size: 20 (min=1)
lug 18, 2014 12:38:22 PM org.hibernate.dialect.Dialect <init>
INFO: HHH000400: Using dialect: org.hibernate.dialect.PostgreSQLDialect
lug 18, 2014 12:38:22 PM org.hibernate.engine.jdbc.internal.LobCreatorBuilder useContextualLobCreation
INFO: HHH000423: Disabling contextual LOB creation as JDBC driver reported JDBC version [3] less than 4
lug 18, 2014 12:38:22 PM org.hibernate.engine.transaction.internal.TransactionFactoryInitiator initiateService
INFO: HHH000399: Using default transaction strategy (direct JDBC transactions)
lug 18, 2014 12:38:22 PM org.hibernate.hql.internal.ast.ASTQueryTranslatorFactory <init>
INFO: HHH000397: Using ASTQueryTranslatorFactory
lug 18, 2014 12:38:23 PM org.hibernate.internal.SessionFactoryRegistry addSessionFactory
WARN: HHH000277: Could not bind factory to JNDI
org.hibernate.engine.jndi.JndiException: Error performing intermediate bind []
	at org.hibernate.engine.jndi.internal.JndiServiceImpl.bind(JndiServiceImpl.java:216)
	at org.hibernate.engine.jndi.internal.JndiServiceImpl.bind(JndiServiceImpl.java:159)
	at org.hibernate.internal.SessionFactoryRegistry.addSessionFactory(SessionFactoryRegistry.java:103)
	at org.hibernate.internal.SessionFactoryImpl.<init>(SessionFactoryImpl.java:497)
	at org.hibernate.cfg.Configuration.buildSessionFactory(Configuration.java:1857)
	at org.hibernate.cfg.Configuration.buildSessionFactory(Configuration.java:1928)
	at bean.HibernateUtil.<clinit>(HibernateUtil.java:22)
	at dbms.DBMS.getPrimario(DBMS.java:144)
	at org.apache.jsp.Info_jsp._jspService(Info_jsp.java:79)
	at org.apache.jasper.runtime.HttpJspBase.service(HttpJspBase.java:70)
	at javax.servlet.http.HttpServlet.service(HttpServlet.java:722)
	at org.apache.jasper.servlet.JspServletWrapper.service(JspServletWrapper.java:432)
	at org.apache.jasper.servlet.JspServlet.serviceJspFile(JspServlet.java:390)
	at org.apache.jasper.servlet.JspServlet.service(JspServlet.java:334)
	at javax.servlet.http.HttpServlet.service(HttpServlet.java:722)
	at org.apache.catalina.core.ApplicationFilterChain.internalDoFilter(ApplicationFilterChain.java:305)
	at org.apache.catalina.core.ApplicationFilterChain.doFilter(ApplicationFilterChain.java:210)
	at org.apache.catalina.core.ApplicationDispatcher.invoke(ApplicationDispatcher.java:749)
	at org.apache.catalina.core.ApplicationDispatcher.processRequest(ApplicationDispatcher.java:487)
	at org.apache.catalina.core.ApplicationDispatcher.doForward(ApplicationDispatcher.java:412)
	at org.apache.catalina.core.ApplicationDispatcher.forward(ApplicationDispatcher.java:339)
	at main.doGet(main.java:95)
	at javax.servlet.http.HttpServlet.service(HttpServlet.java:621)
	at javax.servlet.http.HttpServlet.service(HttpServlet.java:722)
	at org.apache.catalina.core.ApplicationFilterChain.internalDoFilter(ApplicationFilterChain.java:305)
	at org.apache.catalina.core.ApplicationFilterChain.doFilter(ApplicationFilterChain.java:210)
	at org.apache.catalina.core.StandardWrapperValve.invoke(StandardWrapperValve.java:222)
	at org.apache.catalina.core.StandardContextValve.invoke(StandardContextValve.java:123)
	at org.apache.catalina.authenticator.AuthenticatorBase.invoke(AuthenticatorBase.java:472)
	at org.apache.catalina.core.StandardHostValve.invoke(StandardHostValve.java:168)
	at org.apache.catalina.valves.ErrorReportValve.invoke(ErrorReportValve.java:99)
	at org.apache.catalina.core.StandardEngineValve.invoke(StandardEngineValve.java:118)
	at org.apache.catalina.connector.CoyoteAdapter.service(CoyoteAdapter.java:407)
	at org.apache.coyote.http11.AbstractHttp11Processor.process(AbstractHttp11Processor.java:1003)
	at org.apache.coyote.AbstractProtocol$AbstractConnectionHandler.process(AbstractProtocol.java:585)
	at org.apache.tomcat.util.net.JIoEndpoint$SocketProcessor.run(JIoEndpoint.java:312)
	at java.util.concurrent.ThreadPoolExecutor.runWorker(ThreadPoolExecutor.java:1145)
	at java.util.concurrent.ThreadPoolExecutor$Worker.run(ThreadPoolExecutor.java:615)
	at java.lang.Thread.run(Thread.java:745)
Caused by: javax.naming.NamingException: Name is not valid
	at org.apache.naming.NamingContext.bind(NamingContext.java:893)
	at org.apache.naming.NamingContext.rebind(NamingContext.java:226)
	at org.apache.naming.SelectorContext.rebind(SelectorContext.java:218)
	at javax.naming.InitialContext.rebind(InitialContext.java:431)
	at org.hibernate.engine.jndi.internal.JndiServiceImpl.bind(JndiServiceImpl.java:213)
	... 38 more

