lug 18, 2014 4:57:51 PM org.apache.catalina.core.ApplicationContext log
Informazioni: Marking servlet home as unavailable
lug 18, 2014 4:57:51 PM org.apache.catalina.core.StandardWrapperValve invoke
Grave: Allocate exception for servlet home
java.lang.ClassNotFoundException: main
	at org.apache.catalina.loader.WebappClassLoader.loadClass(WebappClassLoader.java:1701)
	at org.apache.catalina.loader.WebappClassLoader.loadClass(WebappClassLoader.java:1546)
	at org.apache.catalina.core.DefaultInstanceManager.loadClass(DefaultInstanceManager.java:525)
	at org.apache.catalina.core.DefaultInstanceManager.loadClassMaybePrivileged(DefaultInstanceManager.java:507)
	at org.apache.catalina.core.DefaultInstanceManager.newInstance(DefaultInstanceManager.java:124)
	at org.apache.catalina.core.StandardWrapper.loadServlet(StandardWrapper.java:1136)
	at org.apache.catalina.core.StandardWrapper.allocate(StandardWrapper.java:857)
	at org.apache.catalina.core.StandardWrapperValve.invoke(StandardWrapperValve.java:135)
	at org.apache.catalina.core.StandardContextValve.invoke(StandardContextValve.java:169)
	at org.apache.catalina.authenticator.AuthenticatorBase.invoke(AuthenticatorBase.java:472)
	at org.apache.catalina.core.StandardHostValve.invoke(StandardHostValve.java:168)
	at org.apache.catalina.valves.ErrorReportValve.invoke(ErrorReportValve.java:98)
	at org.apache.catalina.core.StandardEngineValve.invoke(StandardEngineValve.java:118)
	at org.apache.catalina.connector.CoyoteAdapter.service(CoyoteAdapter.java:407)
	at org.apache.coyote.http11.AbstractHttp11Processor.process(AbstractHttp11Processor.java:987)
	at org.apache.coyote.AbstractProtocol$AbstractConnectionHandler.process(AbstractProtocol.java:579)
	at org.apache.tomcat.util.net.JIoEndpoint$SocketProcessor.run(JIoEndpoint.java:309)
	at java.util.concurrent.ThreadPoolExecutor.runWorker(ThreadPoolExecutor.java:1145)
	at java.util.concurrent.ThreadPoolExecutor$Worker.run(ThreadPoolExecutor.java:615)
	at java.lang.Thread.run(Thread.java:745)

lug 18, 2014 4:58:04 PM org.apache.catalina.core.StandardWrapperValve invoke
Informazioni: Servlet home is currently unavailable
lug 18, 2014 4:58:10 PM org.apache.catalina.core.StandardWrapperValve invoke
Informazioni: Servlet home is currently unavailable
lug 18, 2014 4:58:13 PM org.apache.catalina.core.StandardWrapperValve invoke
Informazioni: Servlet home is currently unavailable
lug 18, 2014 4:59:09 PM org.apache.catalina.core.ApplicationContext log
Informazioni: Marking servlet home as unavailable
lug 18, 2014 4:59:09 PM org.apache.catalina.core.StandardWrapperValve invoke
Grave: Allocate exception for servlet home
java.lang.ClassNotFoundException: main
	at org.apache.catalina.loader.WebappClassLoader.loadClass(WebappClassLoader.java:1701)
	at org.apache.catalina.loader.WebappClassLoader.loadClass(WebappClassLoader.java:1546)
	at org.apache.catalina.core.DefaultInstanceManager.loadClass(DefaultInstanceManager.java:525)
	at org.apache.catalina.core.DefaultInstanceManager.loadClassMaybePrivileged(DefaultInstanceManager.java:507)
	at org.apache.catalina.core.DefaultInstanceManager.newInstance(DefaultInstanceManager.java:124)
	at org.apache.catalina.core.StandardWrapper.loadServlet(StandardWrapper.java:1136)
	at org.apache.catalina.core.StandardWrapper.allocate(StandardWrapper.java:857)
	at org.apache.catalina.core.StandardWrapperValve.invoke(StandardWrapperValve.java:135)
	at org.apache.catalina.core.StandardContextValve.invoke(StandardContextValve.java:169)
	at org.apache.catalina.authenticator.AuthenticatorBase.invoke(AuthenticatorBase.java:472)
	at org.apache.catalina.core.StandardHostValve.invoke(StandardHostValve.java:168)
	at org.apache.catalina.valves.ErrorReportValve.invoke(ErrorReportValve.java:98)
	at org.apache.catalina.core.StandardEngineValve.invoke(StandardEngineValve.java:118)
	at org.apache.catalina.connector.CoyoteAdapter.service(CoyoteAdapter.java:407)
	at org.apache.coyote.http11.AbstractHttp11Processor.process(AbstractHttp11Processor.java:987)
	at org.apache.coyote.AbstractProtocol$AbstractConnectionHandler.process(AbstractProtocol.java:579)
	at org.apache.tomcat.util.net.JIoEndpoint$SocketProcessor.run(JIoEndpoint.java:307)
	at java.util.concurrent.ThreadPoolExecutor.runWorker(ThreadPoolExecutor.java:1145)
	at java.util.concurrent.ThreadPoolExecutor$Worker.run(ThreadPoolExecutor.java:615)
	at java.lang.Thread.run(Thread.java:745)

lug 18, 2014 4:59:18 PM org.apache.catalina.core.StandardWrapperValve invoke
Informazioni: Servlet home is currently unavailable
lug 18, 2014 4:59:18 PM org.apache.catalina.core.StandardWrapperValve invoke
Informazioni: Servlet home is currently unavailable
lug 18, 2014 4:59:22 PM org.apache.catalina.core.StandardWrapperValve invoke
Informazioni: Servlet home is currently unavailable
lug 18, 2014 4:59:35 PM org.apache.catalina.core.ApplicationContext log
Informazioni: Marking servlet home as unavailable
lug 18, 2014 4:59:35 PM org.apache.catalina.core.StandardWrapperValve invoke
Grave: Allocate exception for servlet home
java.lang.ClassNotFoundException: main
	at org.apache.catalina.loader.WebappClassLoader.loadClass(WebappClassLoader.java:1701)
	at org.apache.catalina.loader.WebappClassLoader.loadClass(WebappClassLoader.java:1546)
	at org.apache.catalina.core.DefaultInstanceManager.loadClass(DefaultInstanceManager.java:525)
	at org.apache.catalina.core.DefaultInstanceManager.loadClassMaybePrivileged(DefaultInstanceManager.java:507)
	at org.apache.catalina.core.DefaultInstanceManager.newInstance(DefaultInstanceManager.java:124)
	at org.apache.catalina.core.StandardWrapper.loadServlet(StandardWrapper.java:1136)
	at org.apache.catalina.core.StandardWrapper.allocate(StandardWrapper.java:857)
	at org.apache.catalina.core.StandardWrapperValve.invoke(StandardWrapperValve.java:135)
	at org.apache.catalina.core.StandardContextValve.invoke(StandardContextValve.java:169)
	at org.apache.catalina.authenticator.AuthenticatorBase.invoke(AuthenticatorBase.java:472)
	at org.apache.catalina.core.StandardHostValve.invoke(StandardHostValve.java:168)
	at org.apache.catalina.valves.ErrorReportValve.invoke(ErrorReportValve.java:98)
	at org.apache.catalina.core.StandardEngineValve.invoke(StandardEngineValve.java:118)
	at org.apache.catalina.connector.CoyoteAdapter.service(CoyoteAdapter.java:407)
	at org.apache.coyote.http11.AbstractHttp11Processor.process(AbstractHttp11Processor.java:987)
	at org.apache.coyote.AbstractProtocol$AbstractConnectionHandler.process(AbstractProtocol.java:579)
	at org.apache.tomcat.util.net.JIoEndpoint$SocketProcessor.run(JIoEndpoint.java:307)
	at java.util.concurrent.ThreadPoolExecutor.runWorker(ThreadPoolExecutor.java:1145)
	at java.util.concurrent.ThreadPoolExecutor$Worker.run(ThreadPoolExecutor.java:615)
	at java.lang.Thread.run(Thread.java:745)

